This file contains any messages produced by compilers while
running configure, to aid debugging if configure makes a mistake.

It was created by Kpathsea configure 6.2.3/dev, which was
generated by GNU Autoconf 2.69.  Invocation command line was

  $ ./configure --disable-option-checking --prefix=/usr/local --enable-build-in-source-tree --enable-native-texlive-build --enable-largefile --disable-silent-rules --enable-multiplatform=yes --enable-cxx-runtime-hack=yes --enable-libtool-hack=yes --disable-shared --enable-texlive-build --bindir=${exec_prefix}/bin/x86_64-pc-linux-gnu --libdir=${exec_prefix}/lib/x86_64-pc-linux-gnu --with-x --enable-autosp=yes --enable-devnag=yes --enable-lacheck=yes --enable-m-tx=yes --enable-pmx=yes --enable-ps2eps=yes --enable-t1utils=yes --enable-texdoctk=yes --enable-tpic2pdftex=yes --enable-vlna=yes --enable-xindy=no --with-clisp-runtime=default --enable-xpdfopen=yes --enable-web2c=yes --enable-afm2pl=yes --enable-bibtex-x=yes --enable-chktex=yes --enable-cjkutils=yes --enable-detex=yes --enable-dtl=yes --enable-dvi2tty=yes --enable-dvidvi=yes --enable-dviljk=yes --enable-dvipdfm-x=yes --enable-dvipng=yes --enable-dvipos=yes --enable-dvipsk=yes --enable-dvisvgm=yes --enable-gregorio=yes --enable-gsftopk=yes --enable-lcdf-typetools=yes --enable-makeindexk=yes --enable-makejvf=yes --enable-mendexk=yes --enable-musixtnt=yes --enable-ps2pk=yes --enable-psutils=yes --enable-seetexk=yes --enable-tex4htk=yes --enable-ttf2pk2=yes --enable-ttfdump=yes --enable-upmendex=yes --enable-xdvik=yes --enable-texlive=yes --with-system-harfbuzz=no --with-system-icu=no --with-system-teckit=no --with-system-graphite2=no --with-system-zziplib=no --with-system-xpdf=no --with-system-poppler=no --with-system-mpfr=no --with-system-gmp=no --with-system-cairo=no --with-system-pixman=no --with-system-potrace=no --with-system-gd=no --with-system-freetype2=no --with-system-libpng=no --with-system-libpaper=no --with-system-zlib=no --with-system-ptexenc=no --with-system-kpathsea=no --datarootdir=${prefix} --mandir=${prefix}/texmf-dist/doc/man --infodir=${prefix}/texmf-dist/doc/info --cache-file=/dev/null --srcdir=.

## --------- ##
## Platform. ##
## --------- ##

hostname = maqiyuan-E430c
uname -m = x86_64
uname -r = 4.4.0-34-generic
uname -s = Linux
uname -v = #53-Ubuntu SMP Wed Jul 27 16:06:39 UTC 2016

/usr/bin/uname -p = unknown
/bin/uname -X     = unknown

/bin/arch              = unknown
/usr/bin/arch -k       = unknown
/usr/convex/getsysinfo = unknown
/usr/bin/hostinfo      = unknown
/bin/machine           = unknown
/usr/bin/oslevel       = unknown
/bin/universe          = unknown

PATH: /usr/local/sbin
PATH: /usr/local/bin
PATH: /usr/sbin
PATH: /usr/bin
PATH: /sbin
PATH: /bin
PATH: /usr/games
PATH: /usr/local/games
PATH: /snap/bin
PATH: /home/maqiyuan/bin/FDK/Tools/linux


## ----------- ##
## Core tests. ##
## ----------- ##

configure:2786: checking for a BSD-compatible install
configure:2854: result: /usr/bin/install -c
configure:2865: checking whether build environment is sane
configure:2920: result: yes
configure:3071: checking for a thread-safe mkdir -p
configure:3110: result: /bin/mkdir -p
configure:3117: checking for gawk
configure:3133: found /usr/bin/gawk
configure:3144: result: gawk
configure:3155: checking whether make sets $(MAKE)
configure:3177: result: yes
configure:3206: checking whether make supports nested variables
configure:3223: result: yes
configure:3246: checking for style of include used by make
configure:3274: result: GNU
configure:3345: checking for gcc
configure:3361: found /usr/bin/gcc
configure:3372: result: gcc
configure:3601: checking for C compiler version
configure:3610: gcc --version >&5
gcc (Ubuntu 5.4.0-6ubuntu1~16.04.1) 5.4.0 20160609
Copyright (C) 2015 Free Software Foundation, Inc.
This is free software; see the source for copying conditions.  There is NO
warranty; not even for MERCHANTABILITY or FITNESS FOR A PARTICULAR PURPOSE.

configure:3621: $? = 0
configure:3610: gcc -v >&5
Using built-in specs.
COLLECT_GCC=gcc
COLLECT_LTO_WRAPPER=/usr/lib/gcc/x86_64-linux-gnu/5/lto-wrapper
Target: x86_64-linux-gnu
Configured with: ../src/configure -v --with-pkgversion='Ubuntu 5.4.0-6ubuntu1~16.04.1' --with-bugurl=file:///usr/share/doc/gcc-5/README.Bugs --enable-languages=c,ada,c++,java,go,d,fortran,objc,obj-c++ --prefix=/usr --program-suffix=-5 --enable-shared --enable-linker-build-id --libexecdir=/usr/lib --without-included-gettext --enable-threads=posix --libdir=/usr/lib --enable-nls --with-sysroot=/ --enable-clocale=gnu --enable-libstdcxx-debug --enable-libstdcxx-time=yes --with-default-libstdcxx-abi=new --enable-gnu-unique-object --disable-vtable-verify --enable-libmpx --enable-plugin --with-system-zlib --disable-browser-plugin --enable-java-awt=gtk --enable-gtk-cairo --with-java-home=/usr/lib/jvm/java-1.5.0-gcj-5-amd64/jre --enable-java-home --with-jvm-root-dir=/usr/lib/jvm/java-1.5.0-gcj-5-amd64 --with-jvm-jar-dir=/usr/lib/jvm-exports/java-1.5.0-gcj-5-amd64 --with-arch-directory=amd64 --with-ecj-jar=/usr/share/java/eclipse-ecj.jar --enable-objc-gc --enable-multiarch --disable-werror --with-arch-32=i686 --with-abi=m64 --with-multilib-list=m32,m64,mx32 --enable-multilib --with-tune=generic --enable-checking=release --build=x86_64-linux-gnu --host=x86_64-linux-gnu --target=x86_64-linux-gnu
Thread model: posix
gcc version 5.4.0 20160609 (Ubuntu 5.4.0-6ubuntu1~16.04.1) 
configure:3621: $? = 0
configure:3610: gcc -V >&5
gcc: error: unrecognized command line option '-V'
gcc: fatal error: no input files
compilation terminated.
configure:3621: $? = 1
configure:3610: gcc -qversion >&5
gcc: error: unrecognized command line option '-qversion'
gcc: fatal error: no input files
compilation terminated.
configure:3621: $? = 1
configure:3641: checking whether the C compiler works
configure:3663: gcc    conftest.c  >&5
configure:3667: $? = 0
configure:3715: result: yes
configure:3718: checking for C compiler default output file name
configure:3720: result: a.out
configure:3726: checking for suffix of executables
configure:3733: gcc -o conftest    conftest.c  >&5
configure:3737: $? = 0
configure:3759: result: 
configure:3781: checking whether we are cross compiling
configure:3789: gcc -o conftest    conftest.c  >&5
configure:3793: $? = 0
configure:3800: ./conftest
configure:3804: $? = 0
configure:3819: result: no
configure:3824: checking for suffix of object files
configure:3846: gcc -c   conftest.c >&5
configure:3850: $? = 0
configure:3871: result: o
configure:3875: checking whether we are using the GNU C compiler
configure:3894: gcc -c   conftest.c >&5
configure:3894: $? = 0
configure:3903: result: yes
configure:3912: checking whether gcc accepts -g
configure:3932: gcc -c -g  conftest.c >&5
configure:3932: $? = 0
configure:3973: result: yes
configure:3990: checking for gcc option to accept ISO C89
configure:4053: gcc  -c -g -O2  conftest.c >&5
configure:4053: $? = 0
configure:4066: result: none needed
configure:4091: checking whether gcc understands -c and -o together
configure:4113: gcc -c conftest.c -o conftest2.o
configure:4116: $? = 0
configure:4113: gcc -c conftest.c -o conftest2.o
configure:4116: $? = 0
configure:4128: result: yes
configure:4147: checking dependency style of gcc
configure:4258: result: gcc3
configure:4318: checking build system type
configure:4332: result: x86_64-pc-linux-gnu
configure:4352: checking host system type
configure:4365: result: x86_64-pc-linux-gnu
configure:4406: checking how to print strings
configure:4433: result: printf
configure:4454: checking for a sed that does not truncate output
configure:4518: result: /bin/sed
configure:4536: checking for grep that handles long lines and -e
configure:4594: result: /bin/grep
configure:4599: checking for egrep
configure:4661: result: /bin/grep -E
configure:4666: checking for fgrep
configure:4728: result: /bin/grep -F
configure:4763: checking for ld used by gcc
configure:4830: result: /usr/bin/ld
configure:4837: checking if the linker (/usr/bin/ld) is GNU ld
configure:4852: result: yes
configure:4864: checking for BSD- or MS-compatible name lister (nm)
configure:4918: result: /usr/bin/nm -B
configure:5048: checking the name lister (/usr/bin/nm -B) interface
configure:5055: gcc -c -g -O2  conftest.c >&5
configure:5058: /usr/bin/nm -B "conftest.o"
configure:5061: output
0000000000000000 B some_variable
configure:5068: result: BSD nm
configure:5071: checking whether ln -s works
configure:5075: result: yes
configure:5083: checking the maximum length of command line arguments
configure:5214: result: 1572864
configure:5262: checking how to convert x86_64-pc-linux-gnu file names to x86_64-pc-linux-gnu format
configure:5302: result: func_convert_file_noop
configure:5309: checking how to convert x86_64-pc-linux-gnu file names to toolchain format
configure:5329: result: func_convert_file_noop
configure:5336: checking for /usr/bin/ld option to reload object files
configure:5343: result: -r
configure:5417: checking for objdump
configure:5433: found /usr/bin/objdump
configure:5444: result: objdump
configure:5473: checking how to recognize dependent libraries
configure:5673: result: pass_all
configure:5758: checking for dlltool
configure:5788: result: no
configure:5815: checking how to associate runtime and link libraries
configure:5842: result: printf %s\n
configure:5902: checking for ar
configure:5918: found /usr/bin/ar
configure:5929: result: ar
configure:5966: checking for archiver @FILE support
configure:5983: gcc -c -g -O2  conftest.c >&5
configure:5983: $? = 0
configure:5986: ar cru libconftest.a @conftest.lst >&5
ar: `u' modifier ignored since `D' is the default (see `U')
configure:5989: $? = 0
configure:5994: ar cru libconftest.a @conftest.lst >&5
ar: `u' modifier ignored since `D' is the default (see `U')
ar: conftest.o: No such file or directory
configure:5997: $? = 1
configure:6009: result: @
configure:6067: checking for strip
configure:6083: found /usr/bin/strip
configure:6094: result: strip
configure:6166: checking for ranlib
configure:6182: found /usr/bin/ranlib
configure:6193: result: ranlib
configure:6295: checking command to parse /usr/bin/nm -B output from gcc object
configure:6448: gcc -c -g -O2  conftest.c >&5
configure:6451: $? = 0
configure:6455: /usr/bin/nm -B conftest.o \| sed -n -e 's/^.*[ ]\([ABCDGIRSTW][ABCDGIRSTW]*\)[ ][ ]*\([_A-Za-z][_A-Za-z0-9]*\)$/\1 \2 \2/p' | sed '/ __gnu_lto/d' \> conftest.nm
configure:6458: $? = 0
configure:6524: gcc -o conftest -g -O2   conftest.c conftstm.o >&5
configure:6527: $? = 0
configure:6565: result: ok
configure:6612: checking for sysroot
configure:6642: result: no
configure:6649: checking for a working dd
configure:6687: result: /bin/dd
configure:6691: checking how to truncate binary pipes
configure:6706: result: /bin/dd bs=4096 count=1
configure:6842: gcc -c -g -O2  conftest.c >&5
configure:6845: $? = 0
configure:7035: checking for mt
configure:7051: found /bin/mt
configure:7062: result: mt
configure:7085: checking if mt is a manifest tool
configure:7091: mt '-?'
configure:7099: result: no
configure:7776: checking how to run the C preprocessor
configure:7807: gcc -E  conftest.c
configure:7807: $? = 0
configure:7821: gcc -E  conftest.c
conftest.c:9:28: fatal error: ac_nonexistent.h: No such file or directory
compilation terminated.
configure:7821: $? = 1
configure: failed program was:
| /* confdefs.h */
| #define PACKAGE_NAME "Kpathsea"
| #define PACKAGE_TARNAME "kpathsea"
| #define PACKAGE_VERSION "6.2.3/dev"
| #define PACKAGE_STRING "Kpathsea 6.2.3/dev"
| #define PACKAGE_BUGREPORT "tex-k@tug.org"
| #define PACKAGE_URL ""
| /* end confdefs.h.  */
| #include <ac_nonexistent.h>
configure:7846: result: gcc -E
configure:7866: gcc -E  conftest.c
configure:7866: $? = 0
configure:7880: gcc -E  conftest.c
conftest.c:9:28: fatal error: ac_nonexistent.h: No such file or directory
compilation terminated.
configure:7880: $? = 1
configure: failed program was:
| /* confdefs.h */
| #define PACKAGE_NAME "Kpathsea"
| #define PACKAGE_TARNAME "kpathsea"
| #define PACKAGE_VERSION "6.2.3/dev"
| #define PACKAGE_STRING "Kpathsea 6.2.3/dev"
| #define PACKAGE_BUGREPORT "tex-k@tug.org"
| #define PACKAGE_URL ""
| /* end confdefs.h.  */
| #include <ac_nonexistent.h>
configure:7909: checking for ANSI C header files
configure:7929: gcc -c -g -O2  conftest.c >&5
configure:7929: $? = 0
configure:8002: gcc -o conftest -g -O2   conftest.c  >&5
configure:8002: $? = 0
configure:8002: ./conftest
configure:8002: $? = 0
configure:8013: result: yes
configure:8026: checking for sys/types.h
configure:8026: gcc -c -g -O2  conftest.c >&5
configure:8026: $? = 0
configure:8026: result: yes
configure:8026: checking for sys/stat.h
configure:8026: gcc -c -g -O2  conftest.c >&5
configure:8026: $? = 0
configure:8026: result: yes
configure:8026: checking for stdlib.h
configure:8026: gcc -c -g -O2  conftest.c >&5
configure:8026: $? = 0
configure:8026: result: yes
configure:8026: checking for string.h
configure:8026: gcc -c -g -O2  conftest.c >&5
configure:8026: $? = 0
configure:8026: result: yes
configure:8026: checking for memory.h
configure:8026: gcc -c -g -O2  conftest.c >&5
configure:8026: $? = 0
configure:8026: result: yes
configure:8026: checking for strings.h
configure:8026: gcc -c -g -O2  conftest.c >&5
configure:8026: $? = 0
configure:8026: result: yes
configure:8026: checking for inttypes.h
configure:8026: gcc -c -g -O2  conftest.c >&5
configure:8026: $? = 0
configure:8026: result: yes
configure:8026: checking for stdint.h
configure:8026: gcc -c -g -O2  conftest.c >&5
configure:8026: $? = 0
configure:8026: result: yes
configure:8026: checking for unistd.h
configure:8026: gcc -c -g -O2  conftest.c >&5
configure:8026: $? = 0
configure:8026: result: yes
configure:8040: checking for dlfcn.h
configure:8040: gcc -c -g -O2  conftest.c >&5
configure:8040: $? = 0
configure:8040: result: yes
configure:8168: checking whether to enable maintainer-specific portions of Makefiles
configure:8177: result: no
configure:8190: checking whether the compiler accepts prototypes
configure:8206: gcc -o conftest -g -O2   conftest.c  >&5
configure:8206: $? = 0
configure:8214: result: yes
configure:8219: checking what warning flags to pass to the C compiler
configure:8264: result: -Wimplicit -Wreturn-type -Wdeclaration-after-statement -Wno-unknown-pragmas
configure:8818: checking for objdir
configure:8833: result: .libs
configure:9097: checking if gcc supports -fno-rtti -fno-exceptions
configure:9115: gcc -c -g -O2  -fno-rtti -fno-exceptions conftest.c >&5
cc1: warning: command line option '-fno-rtti' is valid for C++/ObjC++ but not for C
configure:9119: $? = 0
configure:9132: result: no
configure:9490: checking for gcc option to produce PIC
configure:9497: result: -fPIC -DPIC
configure:9505: checking if gcc PIC flag -fPIC -DPIC works
configure:9523: gcc -c -g -O2  -fPIC -DPIC -DPIC conftest.c >&5
configure:9527: $? = 0
configure:9540: result: yes
configure:9569: checking if gcc static flag -static works
configure:9597: result: yes
configure:9612: checking if gcc supports -c -o file.o
configure:9633: gcc -c -g -O2  -o out/conftest2.o conftest.c >&5
configure:9637: $? = 0
configure:9659: result: yes
configure:9667: checking if gcc supports -c -o file.o
configure:9714: result: yes
configure:9747: checking whether the gcc linker (/usr/bin/ld -m elf_x86_64) supports shared libraries
configure:11006: result: yes
configure:11246: checking dynamic linker characteristics
configure:11827: gcc -o conftest -g -O2   -Wl,-rpath -Wl,/foo conftest.c  >&5
configure:11827: $? = 0
configure:12064: result: GNU/Linux ld.so
configure:12186: checking how to hardcode library paths into programs
configure:12211: result: immediate
configure:12759: checking whether stripping libraries is possible
configure:12764: result: yes
configure:12799: checking if libtool supports shared libraries
configure:12801: result: yes
configure:12804: checking whether to build shared libraries
configure:12829: result: no
configure:12832: checking whether to build static libraries
configure:12836: result: yes
configure:12880: checking for special C compiler options needed for large files
configure:12925: result: no
configure:12931: checking for _FILE_OFFSET_BITS value needed for large files
configure:12956: gcc -c -g -O2  conftest.c >&5
configure:12956: $? = 0
configure:12988: result: no
configure:13073: checking for _LARGEFILE_SOURCE value needed for large files
configure:13092: gcc -o conftest -g -O2   conftest.c  >&5
configure:13092: $? = 0
configure:13120: result: no
configure:13144: checking for dirent.h that defines DIR
configure:13163: gcc -c -g -O2  conftest.c >&5
configure:13163: $? = 0
configure:13171: result: yes
configure:13184: checking for library containing opendir
configure:13215: gcc -o conftest -g -O2   conftest.c  >&5
configure:13215: $? = 0
configure:13232: result: none required
configure:13299: checking for ANSI C header files
configure:13403: result: yes
configure:13411: checking whether closedir returns void
configure:13435: gcc -o conftest -g -O2   conftest.c  >&5
configure:13435: $? = 0
configure:13435: ./conftest
configure:13435: $? = 0
configure:13445: result: no
configure:13456: checking assert.h usability
configure:13456: gcc -c -g -O2  conftest.c >&5
configure:13456: $? = 0
configure:13456: result: yes
configure:13456: checking assert.h presence
configure:13456: gcc -E  conftest.c
configure:13456: $? = 0
configure:13456: result: yes
configure:13456: checking for assert.h
configure:13456: result: yes
configure:13456: checking float.h usability
configure:13456: gcc -c -g -O2  conftest.c >&5
configure:13456: $? = 0
configure:13456: result: yes
configure:13456: checking float.h presence
configure:13456: gcc -E  conftest.c
configure:13456: $? = 0
configure:13456: result: yes
configure:13456: checking for float.h
configure:13456: result: yes
configure:13456: checking limits.h usability
configure:13456: gcc -c -g -O2  conftest.c >&5
configure:13456: $? = 0
configure:13456: result: yes
configure:13456: checking limits.h presence
configure:13456: gcc -E  conftest.c
configure:13456: $? = 0
configure:13456: result: yes
configure:13456: checking for limits.h
configure:13456: result: yes
configure:13456: checking pwd.h usability
configure:13456: gcc -c -g -O2  conftest.c >&5
configure:13456: $? = 0
configure:13456: result: yes
configure:13456: checking pwd.h presence
configure:13456: gcc -E  conftest.c
configure:13456: $? = 0
configure:13456: result: yes
configure:13456: checking for pwd.h
configure:13456: result: yes
configure:13456: checking for stdlib.h
configure:13456: result: yes
configure:13456: checking sys/param.h usability
configure:13456: gcc -c -g -O2  conftest.c >&5
configure:13456: $? = 0
configure:13456: result: yes
configure:13456: checking sys/param.h presence
configure:13456: gcc -E  conftest.c
configure:13456: $? = 0
configure:13456: result: yes
configure:13456: checking for sys/param.h
configure:13456: result: yes
configure:13468: checking for putenv
configure:13468: gcc -o conftest -g -O2   conftest.c  >&5
configure:13468: $? = 0
configure:13468: result: yes
configure:13480: checking for getcwd
configure:13480: gcc -o conftest -g -O2   conftest.c  >&5
configure:13480: $? = 0
configure:13480: result: yes
configure:13480: checking for getwd
configure:13480: gcc -o conftest -g -O2   conftest.c  >&5
/tmp/ccq0xAp0.o: In function `main':
/home/maqiyuan/Desktop/texlive-upstream/texk/kpathsea/conftest.c:68: warning: the `getwd' function is dangerous and should not be used.
configure:13480: $? = 0
configure:13480: result: yes
configure:13480: checking for memcmp
configure:13480: gcc -o conftest -g -O2   conftest.c  >&5
conftest.c:58:6: warning: conflicting types for built-in function 'memcmp'
 char memcmp ();
      ^
configure:13480: $? = 0
configure:13480: result: yes
configure:13480: checking for memcpy
configure:13480: gcc -o conftest -g -O2   conftest.c  >&5
conftest.c:59:6: warning: conflicting types for built-in function 'memcpy'
 char memcpy ();
      ^
configure:13480: $? = 0
configure:13480: result: yes
configure:13480: checking for mkstemp
configure:13480: gcc -o conftest -g -O2   conftest.c  >&5
configure:13480: $? = 0
configure:13480: result: yes
configure:13480: checking for mktemp
configure:13480: gcc -o conftest -g -O2   conftest.c  >&5
/tmp/ccqrRgWn.o: In function `main':
/home/maqiyuan/Desktop/texlive-upstream/texk/kpathsea/conftest.c:72: warning: the use of `mktemp' is dangerous, better use `mkstemp' or `mkdtemp'
configure:13480: $? = 0
configure:13480: result: yes
configure:13480: checking for strchr
configure:13480: gcc -o conftest -g -O2   conftest.c  >&5
conftest.c:62:6: warning: conflicting types for built-in function 'strchr'
 char strchr ();
      ^
configure:13480: $? = 0
configure:13480: result: yes
configure:13480: checking for strrchr
configure:13480: gcc -o conftest -g -O2   conftest.c  >&5
conftest.c:63:6: warning: conflicting types for built-in function 'strrchr'
 char strrchr ();
      ^
configure:13480: $? = 0
configure:13480: result: yes
configure:13489: checking for an ANSI C-conforming const
configure:13555: gcc -c -g -O2  conftest.c >&5
configure:13555: $? = 0
configure:13562: result: yes
configure:13570: checking for inline
configure:13586: gcc -c -g -O2  conftest.c >&5
configure:13586: $? = 0
configure:13594: result: inline
configure:13612: checking for size_t
configure:13612: gcc -c -g -O2  conftest.c >&5
configure:13612: $? = 0
configure:13612: gcc -c -g -O2  conftest.c >&5
conftest.c: In function 'main':
conftest.c:77:21: error: expected expression before ')' token
 if (sizeof ((size_t)))
                     ^
configure:13612: $? = 1
configure: failed program was:
| /* confdefs.h */
| #define PACKAGE_NAME "Kpathsea"
| #define PACKAGE_TARNAME "kpathsea"
| #define PACKAGE_VERSION "6.2.3/dev"
| #define PACKAGE_STRING "Kpathsea 6.2.3/dev"
| #define PACKAGE_BUGREPORT "tex-k@tug.org"
| #define PACKAGE_URL ""
| #define STDC_HEADERS 1
| #define HAVE_SYS_TYPES_H 1
| #define HAVE_SYS_STAT_H 1
| #define HAVE_STDLIB_H 1
| #define HAVE_STRING_H 1
| #define HAVE_MEMORY_H 1
| #define HAVE_STRINGS_H 1
| #define HAVE_INTTYPES_H 1
| #define HAVE_STDINT_H 1
| #define HAVE_UNISTD_H 1
| #define HAVE_DLFCN_H 1
| #define PACKAGE "kpathsea"
| #define VERSION "6.2.3/dev"
| #define LT_OBJDIR ".libs/"
| #define HAVE_FSEEKO 1
| #define HAVE_DIRENT_H 1
| #define STDC_HEADERS 1
| #define HAVE_ASSERT_H 1
| #define HAVE_FLOAT_H 1
| #define HAVE_LIMITS_H 1
| #define HAVE_PWD_H 1
| #define HAVE_STDLIB_H 1
| #define HAVE_SYS_PARAM_H 1
| #define HAVE_PUTENV 1
| #define HAVE_GETCWD 1
| #define HAVE_GETWD 1
| #define HAVE_MEMCMP 1
| #define HAVE_MEMCPY 1
| #define HAVE_MKSTEMP 1
| #define HAVE_MKTEMP 1
| #define HAVE_STRCHR 1
| #define HAVE_STRRCHR 1
| /* end confdefs.h.  */
| #include <stdio.h>
| #ifdef HAVE_SYS_TYPES_H
| # include <sys/types.h>
| #endif
| #ifdef HAVE_SYS_STAT_H
| # include <sys/stat.h>
| #endif
| #ifdef STDC_HEADERS
| # include <stdlib.h>
| # include <stddef.h>
| #else
| # ifdef HAVE_STDLIB_H
| #  include <stdlib.h>
| # endif
| #endif
| #ifdef HAVE_STRING_H
| # if !defined STDC_HEADERS && defined HAVE_MEMORY_H
| #  include <memory.h>
| # endif
| # include <string.h>
| #endif
| #ifdef HAVE_STRINGS_H
| # include <strings.h>
| #endif
| #ifdef HAVE_INTTYPES_H
| # include <inttypes.h>
| #endif
| #ifdef HAVE_STDINT_H
| # include <stdint.h>
| #endif
| #ifdef HAVE_UNISTD_H
| # include <unistd.h>
| #endif
| int
| main ()
| {
| if (sizeof ((size_t)))
| 	    return 0;
|   ;
|   return 0;
| }
configure:13612: result: yes
configure:13623: checking for int64_t
configure:13623: gcc -c -g -O2  conftest.c >&5
configure:13623: $? = 0
configure:13623: gcc -c -g -O2  conftest.c >&5
conftest.c: In function 'main':
conftest.c:79:53: warning: integer overflow in expression [-Woverflow]
    < (int64_t) (((((int64_t) 1 << N) << N) - 1) * 2 + 2))];
                                                     ^
conftest.c:78:12: error: storage size of 'test_array' isn't constant
 static int test_array [1 - 2 * !((int64_t) (((((int64_t) 1 << N) << N) - 1) * 2 + 1)
            ^
configure:13623: $? = 1
configure: failed program was:
| /* confdefs.h */
| #define PACKAGE_NAME "Kpathsea"
| #define PACKAGE_TARNAME "kpathsea"
| #define PACKAGE_VERSION "6.2.3/dev"
| #define PACKAGE_STRING "Kpathsea 6.2.3/dev"
| #define PACKAGE_BUGREPORT "tex-k@tug.org"
| #define PACKAGE_URL ""
| #define STDC_HEADERS 1
| #define HAVE_SYS_TYPES_H 1
| #define HAVE_SYS_STAT_H 1
| #define HAVE_STDLIB_H 1
| #define HAVE_STRING_H 1
| #define HAVE_MEMORY_H 1
| #define HAVE_STRINGS_H 1
| #define HAVE_INTTYPES_H 1
| #define HAVE_STDINT_H 1
| #define HAVE_UNISTD_H 1
| #define HAVE_DLFCN_H 1
| #define PACKAGE "kpathsea"
| #define VERSION "6.2.3/dev"
| #define LT_OBJDIR ".libs/"
| #define HAVE_FSEEKO 1
| #define HAVE_DIRENT_H 1
| #define STDC_HEADERS 1
| #define HAVE_ASSERT_H 1
| #define HAVE_FLOAT_H 1
| #define HAVE_LIMITS_H 1
| #define HAVE_PWD_H 1
| #define HAVE_STDLIB_H 1
| #define HAVE_SYS_PARAM_H 1
| #define HAVE_PUTENV 1
| #define HAVE_GETCWD 1
| #define HAVE_GETWD 1
| #define HAVE_MEMCMP 1
| #define HAVE_MEMCPY 1
| #define HAVE_MKSTEMP 1
| #define HAVE_MKTEMP 1
| #define HAVE_STRCHR 1
| #define HAVE_STRRCHR 1
| /* end confdefs.h.  */
| #include <stdio.h>
| #ifdef HAVE_SYS_TYPES_H
| # include <sys/types.h>
| #endif
| #ifdef HAVE_SYS_STAT_H
| # include <sys/stat.h>
| #endif
| #ifdef STDC_HEADERS
| # include <stdlib.h>
| # include <stddef.h>
| #else
| # ifdef HAVE_STDLIB_H
| #  include <stdlib.h>
| # endif
| #endif
| #ifdef HAVE_STRING_H
| # if !defined STDC_HEADERS && defined HAVE_MEMORY_H
| #  include <memory.h>
| # endif
| # include <string.h>
| #endif
| #ifdef HAVE_STRINGS_H
| # include <strings.h>
| #endif
| #ifdef HAVE_INTTYPES_H
| # include <inttypes.h>
| #endif
| #ifdef HAVE_STDINT_H
| # include <stdint.h>
| #endif
| #ifdef HAVE_UNISTD_H
| # include <unistd.h>
| #endif
| 	        enum { N = 64 / 2 - 1 };
| int
| main ()
| {
| static int test_array [1 - 2 * !((int64_t) (((((int64_t) 1 << N) << N) - 1) * 2 + 1)
| 		 < (int64_t) (((((int64_t) 1 << N) << N) - 1) * 2 + 2))];
| test_array [0] = 0;
| return test_array [0];
| 
|   ;
|   return 0;
| }
configure:13623: result: yes
configure:13634: checking for uint64_t
configure:13634: gcc -c -g -O2  conftest.c >&5
configure:13634: $? = 0
configure:13634: result: yes
configure:13654: checking whether isascii is declared
configure:13654: gcc -c -g -O2  conftest.c >&5
configure:13654: $? = 0
configure:13654: result: yes
configure:13666: checking for struct stat.st_mtim
configure:13666: gcc -c -g -O2  conftest.c >&5
conftest.c: In function 'main':
conftest.c:79:5: error: used struct type value where scalar is required
 if (ac_aggr.st_mtim)
     ^
configure:13666: $? = 1
configure: failed program was:
| /* confdefs.h */
| #define PACKAGE_NAME "Kpathsea"
| #define PACKAGE_TARNAME "kpathsea"
| #define PACKAGE_VERSION "6.2.3/dev"
| #define PACKAGE_STRING "Kpathsea 6.2.3/dev"
| #define PACKAGE_BUGREPORT "tex-k@tug.org"
| #define PACKAGE_URL ""
| #define STDC_HEADERS 1
| #define HAVE_SYS_TYPES_H 1
| #define HAVE_SYS_STAT_H 1
| #define HAVE_STDLIB_H 1
| #define HAVE_STRING_H 1
| #define HAVE_MEMORY_H 1
| #define HAVE_STRINGS_H 1
| #define HAVE_INTTYPES_H 1
| #define HAVE_STDINT_H 1
| #define HAVE_UNISTD_H 1
| #define HAVE_DLFCN_H 1
| #define PACKAGE "kpathsea"
| #define VERSION "6.2.3/dev"
| #define LT_OBJDIR ".libs/"
| #define HAVE_FSEEKO 1
| #define HAVE_DIRENT_H 1
| #define STDC_HEADERS 1
| #define HAVE_ASSERT_H 1
| #define HAVE_FLOAT_H 1
| #define HAVE_LIMITS_H 1
| #define HAVE_PWD_H 1
| #define HAVE_STDLIB_H 1
| #define HAVE_SYS_PARAM_H 1
| #define HAVE_PUTENV 1
| #define HAVE_GETCWD 1
| #define HAVE_GETWD 1
| #define HAVE_MEMCMP 1
| #define HAVE_MEMCPY 1
| #define HAVE_MKSTEMP 1
| #define HAVE_MKTEMP 1
| #define HAVE_STRCHR 1
| #define HAVE_STRRCHR 1
| #define HAVE_DECL_ISASCII 1
| /* end confdefs.h.  */
| #include <stdio.h>
| #ifdef HAVE_SYS_TYPES_H
| # include <sys/types.h>
| #endif
| #ifdef HAVE_SYS_STAT_H
| # include <sys/stat.h>
| #endif
| #ifdef STDC_HEADERS
| # include <stdlib.h>
| # include <stddef.h>
| #else
| # ifdef HAVE_STDLIB_H
| #  include <stdlib.h>
| # endif
| #endif
| #ifdef HAVE_STRING_H
| # if !defined STDC_HEADERS && defined HAVE_MEMORY_H
| #  include <memory.h>
| # endif
| # include <string.h>
| #endif
| #ifdef HAVE_STRINGS_H
| # include <strings.h>
| #endif
| #ifdef HAVE_INTTYPES_H
| # include <inttypes.h>
| #endif
| #ifdef HAVE_STDINT_H
| # include <stdint.h>
| #endif
| #ifdef HAVE_UNISTD_H
| # include <unistd.h>
| #endif
| int
| main ()
| {
| static struct stat ac_aggr;
| if (ac_aggr.st_mtim)
| return 0;
|   ;
|   return 0;
| }
configure:13666: gcc -c -g -O2  conftest.c >&5
configure:13666: $? = 0
configure:13666: result: yes
configure:13815: checking for gawk
configure:13842: result: gawk
configure:13858: checking size of long
configure:13863: gcc -o conftest -g -O2   conftest.c  >&5
configure:13863: $? = 0
configure:13863: ./conftest
configure:13863: $? = 0
configure:13877: result: 8
configure:13888: checking whether putenv is declared
configure:13888: gcc -c -g -O2  conftest.c >&5
configure:13888: $? = 0
configure:13888: result: yes
configure:13899: checking for putenv
configure:13899: result: yes
configure:13916: checking whether getcwd uses fork or vfork
configure:13938: gcc -o conftest -g -O2   conftest.c  >&5
conftest.c: In function 'fork':
conftest.c:53:14: warning: implicit declaration of function 'exit' [-Wimplicit-function-declaration]
 int fork() { exit(1); }
              ^
conftest.c:53:14: warning: incompatible implicit declaration of built-in function 'exit'
conftest.c:53:14: note: include '<stdlib.h>' or provide a declaration of 'exit'
conftest.c: In function 'vfork':
conftest.c:54:64: warning: incompatible implicit declaration of built-in function 'exit'
                                                  int vfork() { exit(1); }
                                                                ^
conftest.c:54:64: note: include '<stdlib.h>' or provide a declaration of 'exit'
configure:13938: $? = 0
configure:13938: ./conftest
configure:13938: $? = 0
configure:13948: result: no
configure:13957: checking for native WIN32 or MINGW32
configure:13975: gcc -c -g -O2  conftest.c >&5
conftest.c:54:3: error: unknown type name 'choke'
   choke me
   ^
conftest.c:56:1: error: expected '=', ',', ';', 'asm' or '__attribute__' before 'int'
 int
 ^
configure:13975: $? = 1
configure: failed program was:
| /* confdefs.h */
| #define PACKAGE_NAME "Kpathsea"
| #define PACKAGE_TARNAME "kpathsea"
| #define PACKAGE_VERSION "6.2.3/dev"
| #define PACKAGE_STRING "Kpathsea 6.2.3/dev"
| #define PACKAGE_BUGREPORT "tex-k@tug.org"
| #define PACKAGE_URL ""
| #define STDC_HEADERS 1
| #define HAVE_SYS_TYPES_H 1
| #define HAVE_SYS_STAT_H 1
| #define HAVE_STDLIB_H 1
| #define HAVE_STRING_H 1
| #define HAVE_MEMORY_H 1
| #define HAVE_STRINGS_H 1
| #define HAVE_INTTYPES_H 1
| #define HAVE_STDINT_H 1
| #define HAVE_UNISTD_H 1
| #define HAVE_DLFCN_H 1
| #define PACKAGE "kpathsea"
| #define VERSION "6.2.3/dev"
| #define LT_OBJDIR ".libs/"
| #define HAVE_FSEEKO 1
| #define HAVE_DIRENT_H 1
| #define STDC_HEADERS 1
| #define HAVE_ASSERT_H 1
| #define HAVE_FLOAT_H 1
| #define HAVE_LIMITS_H 1
| #define HAVE_PWD_H 1
| #define HAVE_STDLIB_H 1
| #define HAVE_SYS_PARAM_H 1
| #define HAVE_PUTENV 1
| #define HAVE_GETCWD 1
| #define HAVE_GETWD 1
| #define HAVE_MEMCMP 1
| #define HAVE_MEMCPY 1
| #define HAVE_MKSTEMP 1
| #define HAVE_MKTEMP 1
| #define HAVE_STRCHR 1
| #define HAVE_STRRCHR 1
| #define HAVE_DECL_ISASCII 1
| #define HAVE_STRUCT_STAT_ST_MTIM 1
| #define MAKE_TEX_MF_BY_DEFAULT 1
| #define MAKE_TEX_PK_BY_DEFAULT 1
| #define MAKE_TEX_TFM_BY_DEFAULT 1
| #define MAKE_OMEGA_OCP_BY_DEFAULT 1
| #define MAKE_OMEGA_OFM_BY_DEFAULT 1
| #define MAKE_TEX_FMT_BY_DEFAULT 1
| #define MAKE_TEX_TEX_BY_DEFAULT 0
| #define SIZEOF_LONG 8
| #define HAVE_DECL_PUTENV 1
| #define HAVE_PUTENV 1
| /* end confdefs.h.  */
| #ifndef WIN32
|   choke me
| #endif
| int
| main ()
| {
| 
|   ;
|   return 0;
| }
configure:14000: result: no
configure:14038: checking for snprintf and vsnprintf
configure:14057: gcc -o conftest -g -O2   conftest.c  >&5
conftest.c: In function 'main':
conftest.c:59:1: warning: implicit declaration of function 'snprintf' [-Wimplicit-function-declaration]
 snprintf (buf, 16, "%s", "abc");
 ^
conftest.c:59:1: warning: incompatible implicit declaration of built-in function 'snprintf'
conftest.c:59:1: note: include '<stdio.h>' or provide a declaration of 'snprintf'
conftest.c:60:51: warning: implicit declaration of function 'vsnprintf' [-Wimplicit-function-declaration]
                                                   vsnprintf (buf, 16, "%s", ap);
                                                   ^
configure:14057: $? = 0
configure:14065: result: yes
configure:14085: gcc -o conftest -g -O2   conftest.c  >&5
conftest.c: In function 'main':
conftest.c:57:5: warning: implicit declaration of function 'snprintf' [-Wimplicit-function-declaration]
 if (snprintf (buf, 1, "%s", "x") == 0 || buf[1] != 'b')
     ^
conftest.c:57:5: warning: incompatible implicit declaration of built-in function 'snprintf'
conftest.c:57:5: note: include '<stdio.h>' or provide a declaration of 'snprintf'
configure:14085: $? = 0
configure:14085: ./conftest
configure:14085: $? = 0
configure:14094: checking if we need (v)snprintf wrapper functions
configure:14116: gcc -o conftest -g -O2   conftest.c  >&5
conftest.c: In function 'main':
conftest.c:57:1: warning: implicit declaration of function 'snprintf' [-Wimplicit-function-declaration]
 snprintf (buf, 3, "xyz");
 ^
conftest.c:57:1: warning: incompatible implicit declaration of built-in function 'snprintf'
conftest.c:57:1: note: include '<stdio.h>' or provide a declaration of 'snprintf'
configure:14116: $? = 0
configure:14116: ./conftest
configure:14116: $? = 0
configure:14126: result: no
configure:14261: checking that generated files are newer than configure
configure:14267: result: done
configure:14306: creating ./config.status

## ---------------------- ##
## Running config.status. ##
## ---------------------- ##

This file was extended by Kpathsea config.status 6.2.3/dev, which was
generated by GNU Autoconf 2.69.  Invocation command line was

  CONFIG_FILES    = 
  CONFIG_HEADERS  = 
  CONFIG_LINKS    = 
  CONFIG_COMMANDS = 
  $ ./config.status 

on maqiyuan-E430c

config.status:1133: creating Makefile
config.status:1133: creating doc/Makefile
config.status:1133: creating man/Makefile
config.status:1133: creating win32/Makefile
config.status:1133: creating kpathsea.pc
config.status:1133: creating c-auto.h
config.status:1362: executing depfiles commands
config.status:1362: executing libtool commands

## ---------------- ##
## Cache variables. ##
## ---------------- ##

ac_cv_build=x86_64-pc-linux-gnu
ac_cv_c_compiler_gnu=yes
ac_cv_c_const=yes
ac_cv_c_inline=inline
ac_cv_c_int64_t=yes
ac_cv_c_uint64_t=yes
ac_cv_env_CC_set=
ac_cv_env_CC_value=
ac_cv_env_CFLAGS_set=
ac_cv_env_CFLAGS_value=
ac_cv_env_CPPFLAGS_set=
ac_cv_env_CPPFLAGS_value=
ac_cv_env_CPP_set=
ac_cv_env_CPP_value=
ac_cv_env_LDFLAGS_set=
ac_cv_env_LDFLAGS_value=
ac_cv_env_LIBS_set=
ac_cv_env_LIBS_value=
ac_cv_env_LT_SYS_LIBRARY_PATH_set=
ac_cv_env_LT_SYS_LIBRARY_PATH_value=
ac_cv_env_build_alias_set=
ac_cv_env_build_alias_value=
ac_cv_env_host_alias_set=
ac_cv_env_host_alias_value=
ac_cv_env_target_alias_set=
ac_cv_env_target_alias_value=
ac_cv_func_closedir_void=no
ac_cv_func_getcwd=yes
ac_cv_func_getwd=yes
ac_cv_func_memcmp=yes
ac_cv_func_memcpy=yes
ac_cv_func_mkstemp=yes
ac_cv_func_mktemp=yes
ac_cv_func_putenv=yes
ac_cv_func_strchr=yes
ac_cv_func_strrchr=yes
ac_cv_have_decl_isascii=yes
ac_cv_have_decl_putenv=yes
ac_cv_header_assert_h=yes
ac_cv_header_dirent_dirent_h=yes
ac_cv_header_dlfcn_h=yes
ac_cv_header_float_h=yes
ac_cv_header_inttypes_h=yes
ac_cv_header_limits_h=yes
ac_cv_header_memory_h=yes
ac_cv_header_pwd_h=yes
ac_cv_header_stdc=yes
ac_cv_header_stdint_h=yes
ac_cv_header_stdlib_h=yes
ac_cv_header_string_h=yes
ac_cv_header_strings_h=yes
ac_cv_header_sys_param_h=yes
ac_cv_header_sys_stat_h=yes
ac_cv_header_sys_types_h=yes
ac_cv_header_unistd_h=yes
ac_cv_host=x86_64-pc-linux-gnu
ac_cv_member_struct_stat_st_mtim=yes
ac_cv_objext=o
ac_cv_path_EGREP='/bin/grep -E'
ac_cv_path_FGREP='/bin/grep -F'
ac_cv_path_GREP=/bin/grep
ac_cv_path_SED=/bin/sed
ac_cv_path_install='/usr/bin/install -c'
ac_cv_path_lt_DD=/bin/dd
ac_cv_path_mkdir=/bin/mkdir
ac_cv_prog_AWK=gawk
ac_cv_prog_CPP='gcc -E'
ac_cv_prog_ac_ct_AR=ar
ac_cv_prog_ac_ct_CC=gcc
ac_cv_prog_ac_ct_MANIFEST_TOOL=mt
ac_cv_prog_ac_ct_OBJDUMP=objdump
ac_cv_prog_ac_ct_RANLIB=ranlib
ac_cv_prog_ac_ct_STRIP=strip
ac_cv_prog_cc_c89=
ac_cv_prog_cc_g=yes
ac_cv_prog_make_make_set=yes
ac_cv_search_opendir='none required'
ac_cv_sizeof_long=8
ac_cv_sys_file_offset_bits=no
ac_cv_sys_largefile_CC=no
ac_cv_sys_largefile_source=no
ac_cv_type_size_t=yes
am_cv_CC_dependencies_compiler_type=gcc3
am_cv_make_support_nested_variables=yes
am_cv_prog_cc_c_o=yes
kb_cv_c_prototypes=yes
kb_cv_func_getcwd_forks=no
kpse_cv_have_snfuncs=yes
kpse_cv_have_win32=no
kpse_cv_warning_cflags='-Wimplicit -Wreturn-type -Wdeclaration-after-statement -Wno-unknown-pragmas'
kpse_cv_wrap_snprintf=no
lt_cv_ar_at_file=@
lt_cv_deplibs_check_method=pass_all
lt_cv_file_magic_cmd='$MAGIC_CMD'
lt_cv_file_magic_test_file=
lt_cv_ld_reload_flag=-r
lt_cv_nm_interface='BSD nm'
lt_cv_objdir=.libs
lt_cv_path_LD=/usr/bin/ld
lt_cv_path_NM='/usr/bin/nm -B'
lt_cv_path_mainfest_tool=no
lt_cv_prog_compiler_c_o=yes
lt_cv_prog_compiler_pic='-fPIC -DPIC'
lt_cv_prog_compiler_pic_works=yes
lt_cv_prog_compiler_rtti_exceptions=no
lt_cv_prog_compiler_static_works=yes
lt_cv_prog_gnu_ld=yes
lt_cv_sharedlib_from_linklib_cmd='printf %s\n'
lt_cv_shlibpath_overrides_runpath=no
lt_cv_sys_global_symbol_pipe='sed -n -e '\''s/^.*[	 ]\([ABCDGIRSTW][ABCDGIRSTW]*\)[	 ][	 ]*\([_A-Za-z][_A-Za-z0-9]*\)$/\1 \2 \2/p'\'' | sed '\''/ __gnu_lto/d'\'''
lt_cv_sys_global_symbol_to_c_name_address='sed -n -e '\''s/^: \(.*\) .*$/  {"\1", (void *) 0},/p'\'' -e '\''s/^[ABCDGIRSTW][ABCDGIRSTW]* .* \(.*\)$/  {"\1", (void *) \&\1},/p'\'''
lt_cv_sys_global_symbol_to_c_name_address_lib_prefix='sed -n -e '\''s/^: \(.*\) .*$/  {"\1", (void *) 0},/p'\'' -e '\''s/^[ABCDGIRSTW][ABCDGIRSTW]* .* \(lib.*\)$/  {"\1", (void *) \&\1},/p'\'' -e '\''s/^[ABCDGIRSTW][ABCDGIRSTW]* .* \(.*\)$/  {"lib\1", (void *) \&\1},/p'\'''
lt_cv_sys_global_symbol_to_cdecl='sed -n -e '\''s/^T .* \(.*\)$/extern int \1();/p'\'' -e '\''s/^[ABCDGIRSTW][ABCDGIRSTW]* .* \(.*\)$/extern char \1;/p'\'''
lt_cv_sys_global_symbol_to_import=
lt_cv_sys_max_cmd_len=1572864
lt_cv_to_host_file_cmd=func_convert_file_noop
lt_cv_to_tool_file_cmd=func_convert_file_noop
lt_cv_truncate_bin='/bin/dd bs=4096 count=1'

## ----------------- ##
## Output variables. ##
## ----------------- ##

ACLOCAL='${SHELL} /home/maqiyuan/Desktop/texlive-upstream/build-aux/missing aclocal-1.15'
AMDEPBACKSLASH='\'
AMDEP_FALSE='#'
AMDEP_TRUE=''
AMTAR='$${TAR-tar}'
AM_BACKSLASH='\'
AM_DEFAULT_V='$(AM_DEFAULT_VERBOSITY)'
AM_DEFAULT_VERBOSITY='1'
AM_V='$(V)'
AR='ar'
AS='as'
AUTOCONF='${SHELL} /home/maqiyuan/Desktop/texlive-upstream/build-aux/missing autoconf'
AUTOHEADER='${SHELL} /home/maqiyuan/Desktop/texlive-upstream/build-aux/missing autoheader'
AUTOMAKE='${SHELL} /home/maqiyuan/Desktop/texlive-upstream/build-aux/missing automake-1.15'
AWK='gawk'
CC='gcc'
CCDEPMODE='depmode=gcc3'
CFLAGS='-g -O2'
CPP='gcc -E'
CPPFLAGS=''
CYGPATH_W='echo'
DEFS='-DHAVE_CONFIG_H'
DEPDIR='.deps'
DLLTOOL='false'
DSYMUTIL=''
DUMPBIN=''
ECHO_C=''
ECHO_N='-n'
ECHO_T=''
EGREP='/bin/grep -E'
EXEEXT=''
FGREP='/bin/grep -F'
GREP='/bin/grep'
INSTALL_DATA='${INSTALL} -m 644'
INSTALL_PROGRAM='${INSTALL}'
INSTALL_SCRIPT='${INSTALL}'
INSTALL_STRIP_PROGRAM='$(install_sh) -c -s'
KPSEVERSION='6.2.3/dev'
KPSE_LT_VERSINFO='8:3:2'
LD='/usr/bin/ld -m elf_x86_64'
LDFLAGS=''
LIBOBJS=''
LIBS=''
LIBTOOL='$(SHELL) $(top_builddir)/libtool'
LIPO=''
LN_S='ln -s'
LTLIBOBJS=''
LT_OBJDIR='.libs'
LT_SYS_LIBRARY_PATH=''
MAINT='#'
MAINTAINER_MODE_FALSE=''
MAINTAINER_MODE_TRUE='#'
MAKEINFO='${SHELL} /home/maqiyuan/Desktop/texlive-upstream/build-aux/missing makeinfo'
MANIFEST_TOOL=':'
MINGW32_FALSE=''
MINGW32_TRUE='#'
MKDIR_P='/bin/mkdir -p'
NM='/usr/bin/nm -B'
NMEDIT=''
OBJDUMP='objdump'
OBJEXT='o'
OTOOL64=''
OTOOL=''
PACKAGE='kpathsea'
PACKAGE_BUGREPORT='tex-k@tug.org'
PACKAGE_NAME='Kpathsea'
PACKAGE_STRING='Kpathsea 6.2.3/dev'
PACKAGE_TARNAME='kpathsea'
PACKAGE_URL=''
PACKAGE_VERSION='6.2.3/dev'
PATH_SEPARATOR=':'
RANLIB='ranlib'
SED='/bin/sed'
SET_MAKE=''
SHELL='/bin/bash'
STRIP='strip'
VERSION='6.2.3/dev'
WARNING_CFLAGS='-Wimplicit -Wreturn-type -Wdeclaration-after-statement -Wno-unknown-pragmas'
WEB2CVERSION=' (TeX Live 2017/dev)'
WIN32_FALSE=''
WIN32_TRUE='#'
ac_ct_AR='ar'
ac_ct_CC='gcc'
ac_ct_DUMPBIN=''
am__EXEEXT_FALSE=''
am__EXEEXT_TRUE='#'
am__fastdepCC_FALSE='#'
am__fastdepCC_TRUE=''
am__include='include'
am__isrc=''
am__leading_dot='.'
am__nodep='_no'
am__quote=''
am__tar='$${TAR-tar} chof - "$$tardir"'
am__untar='$${TAR-tar} xf -'
bindir='${exec_prefix}/bin/x86_64-pc-linux-gnu'
build='x86_64-pc-linux-gnu'
build_alias=''
build_cpu='x86_64'
build_os='linux-gnu'
build_vendor='pc'
datadir='${datarootdir}'
datarootdir='${prefix}'
docdir='${datarootdir}/doc/${PACKAGE_TARNAME}'
dvidir='${docdir}'
exec_prefix='${prefix}'
have_EXEEXT_FALSE=''
have_EXEEXT_TRUE='#'
host='x86_64-pc-linux-gnu'
host_alias=''
host_cpu='x86_64'
host_os='linux-gnu'
host_vendor='pc'
htmldir='${docdir}'
includedir='${prefix}/include'
infodir='${prefix}/texmf-dist/doc/info'
install_sh='${SHELL} /home/maqiyuan/Desktop/texlive-upstream/build-aux/install-sh'
libdir='${exec_prefix}/lib/x86_64-pc-linux-gnu'
libexecdir='${exec_prefix}/libexec'
localedir='${datarootdir}/locale'
localstatedir='${prefix}/var'
mandir='${prefix}/texmf-dist/doc/man'
mkdir_p='$(MKDIR_P)'
oldincludedir='/usr/include'
pdfdir='${docdir}'
prefix='/usr/local'
program_transform_name='s,x,x,'
psdir='${docdir}'
sbindir='${exec_prefix}/sbin'
sharedstatedir='${prefix}/com'
sysconfdir='${prefix}/etc'
target_alias=''

## ----------- ##
## confdefs.h. ##
## ----------- ##

/* confdefs.h */
#define PACKAGE_NAME "Kpathsea"
#define PACKAGE_TARNAME "kpathsea"
#define PACKAGE_VERSION "6.2.3/dev"
#define PACKAGE_STRING "Kpathsea 6.2.3/dev"
#define PACKAGE_BUGREPORT "tex-k@tug.org"
#define PACKAGE_URL ""
#define STDC_HEADERS 1
#define HAVE_SYS_TYPES_H 1
#define HAVE_SYS_STAT_H 1
#define HAVE_STDLIB_H 1
#define HAVE_STRING_H 1
#define HAVE_MEMORY_H 1
#define HAVE_STRINGS_H 1
#define HAVE_INTTYPES_H 1
#define HAVE_STDINT_H 1
#define HAVE_UNISTD_H 1
#define HAVE_DLFCN_H 1
#define PACKAGE "kpathsea"
#define VERSION "6.2.3/dev"
#define LT_OBJDIR ".libs/"
#define HAVE_FSEEKO 1
#define HAVE_DIRENT_H 1
#define STDC_HEADERS 1
#define HAVE_ASSERT_H 1
#define HAVE_FLOAT_H 1
#define HAVE_LIMITS_H 1
#define HAVE_PWD_H 1
#define HAVE_STDLIB_H 1
#define HAVE_SYS_PARAM_H 1
#define HAVE_PUTENV 1
#define HAVE_GETCWD 1
#define HAVE_GETWD 1
#define HAVE_MEMCMP 1
#define HAVE_MEMCPY 1
#define HAVE_MKSTEMP 1
#define HAVE_MKTEMP 1
#define HAVE_STRCHR 1
#define HAVE_STRRCHR 1
#define HAVE_DECL_ISASCII 1
#define HAVE_STRUCT_STAT_ST_MTIM 1
#define MAKE_TEX_MF_BY_DEFAULT 1
#define MAKE_TEX_PK_BY_DEFAULT 1
#define MAKE_TEX_TFM_BY_DEFAULT 1
#define MAKE_OMEGA_OCP_BY_DEFAULT 1
#define MAKE_OMEGA_OFM_BY_DEFAULT 1
#define MAKE_TEX_FMT_BY_DEFAULT 1
#define MAKE_TEX_TEX_BY_DEFAULT 0
#define SIZEOF_LONG 8
#define HAVE_DECL_PUTENV 1
#define HAVE_PUTENV 1

configure: exit 0
